<?xml version="1.0" encoding="UTF-8"?>
<coverage generated="1536794175291" clover="3.2.0">
  <project timestamp="1536794175291" name="All files">
    <metrics statements="14" coveredstatements="12" conditionals="16" coveredconditionals="14" methods="2" coveredmethods="2" elements="32" coveredelements="28" complexity="0" loc="14" ncloc="14" packages="1" files="1" classes="1">
      <file name="arithmetic.js" path="/Users/bwest/Documents/GitHub/Repositories/codefellows/coding-assignments/01-node-ecosystem/src/lib/arithmetic.js">
        <metrics statements="14" coveredstatements="12" conditionals="16" coveredconditionals="14" methods="2" coveredmethods="2"/>
        <line num="4" count="1" type="stmt"/>
        <line num="6" count="1" type="stmt"/>
        <line num="7" count="2" type="cond" truecount="4" falsecount="0"/>
        <line num="8" count="1" type="stmt"/>
        <line num="10" count="1" type="cond" truecount="3" falsecount="1"/>
        <line num="11" count="0" type="stmt"/>
        <line num="14" count="1" type="stmt"/>
        <line num="17" count="1" type="stmt"/>
        <line num="18" count="2" type="cond" truecount="4" falsecount="0"/>
        <line num="19" count="1" type="stmt"/>
        <line num="21" count="1" type="cond" truecount="3" falsecount="1"/>
        <line num="22" count="0" type="stmt"/>
        <line num="24" count="1" type="stmt"/>
        <line num="30" count="1" type="stmt"/>
      </file>
    </metrics>
  </project>
</coverage>
