TN:
SF:/Users/bwest/Documents/GitHub/Repositories/codefellows/coding-assignments/01-node-ecosystem/src/lib/arithmetic.js
FN:6,(anonymous_0)
FN:17,(anonymous_1)
FNF:2
FNH:2
FNDA:2,(anonymous_0)
FNDA:2,(anonymous_1)
DA:4,1
DA:6,1
DA:7,2
DA:8,1
DA:10,1
DA:11,0
DA:14,1
DA:17,1
DA:18,2
DA:19,1
DA:21,1
DA:22,0
DA:24,1
DA:30,1
LF:14
LH:12
BRDA:7,0,0,1
BRDA:7,0,1,1
BRDA:7,1,0,2
BRDA:7,1,1,2
BRDA:10,2,0,0
BRDA:10,2,1,1
BRDA:10,3,0,1
BRDA:10,3,1,1
BRDA:18,4,0,1
BRDA:18,4,1,1
BRDA:18,5,0,2
BRDA:18,5,1,2
BRDA:21,6,0,0
BRDA:21,6,1,1
BRDA:21,7,0,1
BRDA:21,7,1,1
BRF:16
BRH:14
end_of_record
